# JRE version: Java(TM) SE Runtime Environment (8.0_60-b27) (build 1.8.0_60-b27)
# Java VM: Java HotSpot(TM) 64-Bit Server VM (25.60-b23 mixed mode windows-amd64 compressed oops)
Heap:
 PSYoungGen      total 20992K, used 10618K [0x000000076b100000, 0x000000076c780000, 0x00000007c0000000)
  eden space 18944K, 53% used [0x000000076b100000,0x000000076bafa7d0,0x000000076c380000)
  from space 2048K, 19% used [0x000000076c580000,0x000000076c5e4050,0x000000076c780000)
  to   space 2048K, 0% used [0x000000076c380000,0x000000076c380000,0x000000076c580000)
 ParOldGen       total 32768K, used 25034K [0x00000006c1200000, 0x00000006c3200000, 0x000000076b100000)
  object space 32768K, 76% used [0x00000006c1200000,0x00000006c2a72b18,0x00000006c3200000)
 Metaspace       used 40353K, capacity 40584K, committed 40960K, reserved 1085440K
  class space    used 4953K, capacity 5036K, committed 5120K, reserved 1048576K
GC Heap History (10 events):
Event: 118179.343 GC heap before
{Heap before GC invocations=78076 (full 974):
 PSYoungGen      total 20480K, used 19440K [0x000000076b100000, 0x000000076c680000, 0x00000007c0000000)
  eden space 18944K, 100% used [0x000000076b100000,0x000000076c380000,0x000000076c380000)
  from space 1536K, 32% used [0x000000076c380000,0x000000076c3fc070,0x000000076c500000)
  to   space 1536K, 0% used [0x000000076c500000,0x000000076c500000,0x000000076c680000)
 ParOldGen       total 32768K, used 20826K [0x00000006c1200000, 0x00000006c3200000, 0x000000076b100000)
  object space 32768K, 63% used [0x00000006c1200000,0x00000006c26569b8,0x00000006c3200000)
 Metaspace       used 40353K, capacity 40584K, committed 40960K, reserved 1085440K
  class space    used 4953K, capacity 5036K, committed 5120K, reserved 1048576K
Event: 118179.346 GC heap after
Heap after GC invocations=78076 (full 974):
 PSYoungGen      total 20480K, used 624K [0x000000076b100000, 0x000000076c680000, 0x00000007c0000000)
  eden space 18944K, 0% used [0x000000076b100000,0x000000076b100000,0x000000076c380000)
  from space 1536K, 40% used [0x000000076c500000,0x000000076c59c070,0x000000076c680000)
  to   space 1536K, 0% used [0x000000076c380000,0x000000076c380000,0x000000076c500000)
 ParOldGen       total 32768K, used 20834K [0x00000006c1200000, 0x00000006c3200000, 0x000000076b100000)
  object space 32768K, 63% used [0x00000006c1200000,0x00000006c26589b8,0x00000006c3200000)
 Metaspace       used 40353K, capacity 40584K, committed 40960K, reserved 1085440K
  class space    used 4953K, capacity 5036K, committed 5120K, reserved 1048576K
}
Event: 118181.408 GC heap before
{Heap before GC invocations=78077 (full 974):
 PSYoungGen      total 20480K, used 19568K [0x000000076b100000, 0x000000076c680000, 0x00000007c0000000)
  eden space 18944K, 100% used [0x000000076b100000,0x000000076c380000,0x000000076c380000)
  from space 1536K, 40% used [0x000000076c500000,0x000000076c59c070,0x000000076c680000)
  to   space 1536K, 0% used [0x000000076c380000,0x000000076c380000,0x000000076c500000)
 ParOldGen       total 32768K, used 20834K [0x00000006c1200000, 0x00000006c3200000, 0x000000076b100000)
  object space 32768K, 63% used [0x00000006c1200000,0x00000006c26589b8,0x00000006c3200000)
 Metaspace       used 40353K, capacity 40584K, committed 40960K, reserved 1085440K
  class space    used 4953K, capacity 5036K, committed 5120K, reserved 1048576K
Event: 118181.411 GC heap after
Heap after GC invocations=78077 (full 974):
 PSYoungGen      total 20480K, used 1072K [0x000000076b100000, 0x000000076c680000, 0x00000007c0000000)
  eden space 18944K, 0% used [0x000000076b100000,0x000000076b100000,0x000000076c380000)
  from space 1536K, 69% used [0x000000076c380000,0x000000076c48c130,0x000000076c500000)
  to   space 1536K, 0% used [0x000000076c500000,0x000000076c500000,0x000000076c680000)
 ParOldGen       total 32768K, used 20866K [0x00000006c1200000, 0x00000006c3200000, 0x000000076b100000)
  object space 32768K, 63% used [0x00000006c1200000,0x00000006c26609d8,0x00000006c3200000)
 Metaspace       used 40353K, capacity 40584K, committed 40960K, reserved 1085440K
  class space    used 4953K, capacity 5036K, committed 5120K, reserved 1048576K
}
Event: 118182.500 GC heap before
{Heap before GC invocations=78078 (full 974):
 PSYoungGen      total 20480K, used 20016K [0x000000076b100000, 0x000000076c680000, 0x00000007c0000000)
  eden space 18944K, 100% used [0x000000076b100000,0x000000076c380000,0x000000076c380000)
  from space 1536K, 69% used [0x000000076c380000,0x000000076c48c130,0x000000076c500000)
  to   space 1536K, 0% used [0x000000076c500000,0x000000076c500000,0x000000076c680000)
 ParOldGen       total 32768K, used 20866K [0x00000006c1200000, 0x00000006c3200000, 0x000000076b100000)
  object space 32768K, 63% used [0x00000006c1200000,0x00000006c26609d8,0x00000006c3200000)
 Metaspace       used 40353K, capacity 40584K, committed 40960K, reserved 1085440K
  class space    used 4953K, capacity 5036K, committed 5120K, reserved 1048576K
Event: 118182.505 GC heap after
Heap after GC invocations=78078 (full 974):
 PSYoungGen      total 20480K, used 272K [0x000000076b100000, 0x000000076c680000, 0x00000007c0000000)
  eden space 18944K, 0% used [0x000000076b100000,0x000000076b100000,0x000000076c380000)
  from space 1536K, 17% used [0x000000076c500000,0x000000076c544050,0x000000076c680000)
  to   space 1536K, 0% used [0x000000076c380000,0x000000076c380000,0x000000076c500000)
 ParOldGen       total 32768K, used 20898K [0x00000006c1200000, 0x00000006c3200000, 0x000000076b100000)
  object space 32768K, 63% used [0x00000006c1200000,0x00000006c26689f8,0x00000006c3200000)
 Metaspace       used 40353K, capacity 40584K, committed 40960K, reserved 1085440K
  class space    used 4953K, capacity 5036K, committed 5120K, reserved 1048576K
}
Event: 118184.340 GC heap before
{Heap before GC invocations=78079 (full 974):
 PSYoungGen      total 20480K, used 19216K [0x000000076b100000, 0x000000076c680000, 0x00000007c0000000)
  eden space 18944K, 100% used [0x000000076b100000,0x000000076c380000,0x000000076c380000)
  from space 1536K, 17% used [0x000000076c500000,0x000000076c544050,0x000000076c680000)
  to   space 1536K, 0% used [0x000000076c380000,0x000000076c380000,0x000000076c500000)
 ParOldGen       total 32768K, used 20898K [0x00000006c1200000, 0x00000006c3200000, 0x000000076b100000)
  object space 32768K, 63% used [0x00000006c1200000,0x00000006c26689f8,0x00000006c3200000)
 Metaspace       used 40353K, capacity 40584K, committed 40960K, reserved 1085440K
  class space    used 4953K, capacity 5036K, committed 5120K, reserved 1048576K
Event: 118184.343 GC heap after
Heap after GC invocations=78079 (full 974):
 PSYoungGen      total 20480K, used 1520K [0x000000076b100000, 0x000000076c780000, 0x00000007c0000000)
  eden space 18944K, 0% used [0x000000076b100000,0x000000076b100000,0x000000076c380000)
  from space 1536K, 98% used [0x000000076c380000,0x000000076c4fc098,0x000000076c500000)
  to   space 2048K, 0% used [0x000000076c580000,0x000000076c580000,0x000000076c780000)
 ParOldGen       total 32768K, used 22954K [0x00000006c1200000, 0x00000006c3200000, 0x000000076b100000)
  object space 32768K, 70% used [0x00000006c1200000,0x00000006c286aa88,0x00000006c3200000)
 Metaspace       used 40353K, capacity 40584K, committed 40960K, reserved 1085440K
  class space    used 4953K, capacity 5036K, committed 5120K, reserved 1048576K
}
Event: 118185.400 GC heap before
{Heap before GC invocations=78080 (full 974):
 PSYoungGen      total 20480K, used 20461K [0x000000076b100000, 0x000000076c780000, 0x00000007c0000000)
  eden space 18944K, 99% used [0x000000076b100000,0x000000076c37f718,0x000000076c380000)
  from space 1536K, 98% used [0x000000076c380000,0x000000076c4fc098,0x000000076c500000)
  to   space 2048K, 0% used [0x000000076c580000,0x000000076c580000,0x000000076c780000)
 ParOldGen       total 32768K, used 22954K [0x00000006c1200000, 0x00000006c3200000, 0x000000076b100000)
  object space 32768K, 70% used [0x00000006c1200000,0x00000006c286aa88,0x00000006c3200000)
 Metaspace       used 40353K, capacity 40584K, committed 40960K, reserved 1085440K
  class space    used 4953K, capacity 5036K, committed 5120K, reserved 1048576K
Event: 118185.403 GC heap after
Heap after GC invocations=78080 (full 974):
 PSYoungGen      total 20992K, used 400K [0x000000076b100000, 0x000000076c780000, 0x00000007c0000000)
  eden space 18944K, 0% used [0x000000076b100000,0x000000076b100000,0x000000076c380000)
  from space 2048K, 19% used [0x000000076c580000,0x000000076c5e4050,0x000000076c780000)
  to   space 2048K, 0% used [0x000000076c380000,0x000000076c380000,0x000000076c580000)
 ParOldGen       total 32768K, used 25034K [0x00000006c1200000, 0x00000006c3200000, 0x000000076b100000)
  object space 32768K, 76% used [0x00000006c1200000,0x00000006c2a72b18,0x00000006c3200000)
 Metaspace       used 40353K, capacity 40584K, committed 40960K, reserved 1085440K
  class space    used 4953K, capacity 5036K, committed 5120K, reserved 1048576K
}

